<?xml version="1.0" encoding="UTF-8"?>
<!-- Generated by org.testng.reporters.JUnitReportReporter -->
<testsuite hostname="LAPTOP-0G86REKT" failures="0" tests="1" name="testCases.FileUploadMethod2" time="3.745" errors="0" timestamp="17 Jan 2021 15:04:07 GMT">
  <testcase classname="testCases.FileUploadMethod2" name="robotTest" time="3.745"/>
</testsuite> <!-- testCases.FileUploadMethod2 -->
